<?xml version="1.0" encoding="UTF-8"?>
<testsuites name="jest tests" tests="30" failures="0" errors="0" time="0.337">
  <testsuite name="Facilitated Dialogue Pipeline" errors="0" failures="0" skipped="0" timestamp="2025-07-13T10:01:21" time="0.314" tests="30">
    <testcase classname="Facilitated Dialogue Pipeline › Configuration Validation › validateFacilitatedDialogueConfig" name="should validate required fields successfully with facilitator enabled" time="0.002">
    </testcase>
    <testcase classname="Facilitated Dialogue Pipeline › Configuration Validation › validateFacilitatedDialogueConfig" name="should validate required fields successfully with facilitator disabled" time="0.001">
    </testcase>
    <testcase classname="Facilitated Dialogue Pipeline › Configuration Validation › validateFacilitatedDialogueConfig" name="should default facilitatorEnabled to false when not provided" time="0.002">
    </testcase>
    <testcase classname="Facilitated Dialogue Pipeline › Configuration Validation › validateFacilitatedDialogueConfig" name="should fail validation for invalid facilitatorEnabled type" time="0.001">
    </testcase>
    <testcase classname="Facilitated Dialogue Pipeline › Configuration Validation › validateFacilitatedDialogueConfig" name="should inherit all base dialogue pipeline validation rules" time="0.001">
    </testcase>
    <testcase classname="Facilitated Dialogue Pipeline › Configuration Validation › validateFacilitatedDialogueConfig" name="should require even number of iterations when facilitator enabled" time="0.001">
    </testcase>
    <testcase classname="Facilitated Dialogue Pipeline › Configuration Validation › validateFacilitatedDialogueConfig" name="should allow odd iterations when facilitator disabled" time="0.002">
    </testcase>
    <testcase classname="Facilitated Dialogue Pipeline › Facilitator Integration Logic › facilitator timing" name="should call facilitator at correct intervals (2, 4, 6, 8)" time="0.001">
    </testcase>
    <testcase classname="Facilitated Dialogue Pipeline › Facilitator Integration Logic › facilitator context preparation" name="should prepare correct context for facilitator agent" time="0.001">
    </testcase>
    <testcase classname="Facilitated Dialogue Pipeline › Pipeline Execution › facilitatedDialoguePipeline" name="should have correct function signature" time="0">
    </testcase>
    <testcase classname="Facilitated Dialogue Pipeline › Pipeline Execution › facilitatedDialoguePipeline" name="should handle invalid configuration gracefully" time="0.001">
    </testcase>
    <testcase classname="Facilitated Dialogue Pipeline › Pipeline Execution › facilitatedDialoguePipeline" name="should return proper structure for valid config with facilitator enabled" time="0.056">
    </testcase>
    <testcase classname="Facilitated Dialogue Pipeline › Pipeline Execution › facilitatedDialoguePipeline" name="should return proper structure for valid config with facilitator disabled" time="0.017">
    </testcase>
    <testcase classname="Facilitated Dialogue Pipeline › Pipeline Execution › facilitator agent integration" name="should load facilitator agent when enabled" time="0.008">
    </testcase>
    <testcase classname="Facilitated Dialogue Pipeline › Pipeline Execution › facilitator agent integration" name="should not load facilitator agent when disabled" time="0.004">
    </testcase>
    <testcase classname="Facilitated Dialogue Pipeline › Output Generation › enhanced output with facilitator tracking" name="should include facilitator interventions in conversation output" time="0.002">
    </testcase>
    <testcase classname="Facilitated Dialogue Pipeline › Output Generation › enhanced output with facilitator tracking" name="should include facilitator metadata in JSON output" time="0">
    </testcase>
    <testcase classname="Facilitated Dialogue Pipeline › Output Generation › enhanced output with facilitator tracking" name="should generate timestamped folder with facilitator suffix" time="0.004">
    </testcase>
    <testcase classname="Facilitated Dialogue Pipeline › Error Handling › facilitator agent failures" name="should gracefully degrade when facilitator agent fails" time="0.019">
    </testcase>
    <testcase classname="Facilitated Dialogue Pipeline › Error Handling › facilitator agent failures" name="should handle facilitator API errors gracefully" time="0.022">
    </testcase>
    <testcase classname="Facilitated Dialogue Pipeline › Error Handling › configuration edge cases" name="should handle facilitator enabled with minimum iterations" time="0">
    </testcase>
    <testcase classname="Facilitated Dialogue Pipeline › Error Handling › configuration edge cases" name="should handle facilitator enabled with maximum iterations" time="0.001">
    </testcase>
    <testcase classname="Facilitated Dialogue Pipeline › Performance and Integration › performance requirements" name="should track facilitator call costs separately" time="0.001">
    </testcase>
    <testcase classname="Facilitated Dialogue Pipeline › Performance and Integration › performance requirements" name="should maintain performance within 30% of standard pipeline" time="0.001">
    </testcase>
    <testcase classname="Facilitated Dialogue Pipeline › Performance and Integration › backward compatibility" name="should maintain all existing dialogue pipeline functionality" time="0.031">
    </testcase>
    <testcase classname="Facilitated Dialogue Pipeline › CLI Integration Requirements › facilitator configuration" name="should accept facilitator configuration from CLI" time="0.002">
    </testcase>
    <testcase classname="Human Testing Scenarios › Stage 1 Validation" name="TDD Red Phase - All tests should initially fail" time="0.001">
    </testcase>
    <testcase classname="Human Testing Scenarios › Human Test Cases for Stage 2" name="TC001: Basic facilitated pipeline execution" time="0.002">
    </testcase>
    <testcase classname="Human Testing Scenarios › Human Test Cases for Stage 2" name="TC002: Facilitator disabled mode validation" time="0.001">
    </testcase>
    <testcase classname="Human Testing Scenarios › Human Test Cases for Stage 2" name="TC006: Error handling for missing facilitator agent" time="0">
    </testcase>
  </testsuite>
</testsuites>